# JRE version: Java(TM) SE Runtime Environment (8.0_31-b13) (build 1.8.0_31-b13)
# Java VM: Java HotSpot(TM) 64-Bit Server VM (25.31-b07 mixed mode linux-amd64 compressed oops)
Heap:
 PSYoungGen      total 56320K, used 23306K [0x0000000781a00000, 0x0000000785880000, 0x00000007c0000000)
  eden space 48640K, 32% used [0x0000000781a00000,0x0000000782945028,0x0000000784980000)
  from space 7680K, 99% used [0x0000000785100000,0x000000078587d8e0,0x0000000785880000)
  to   space 7680K, 0% used [0x0000000784980000,0x0000000784980000,0x0000000785100000)
 ParOldGen       total 128512K, used 1859K [0x0000000704e00000, 0x000000070cb80000, 0x0000000781a00000)
  object space 128512K, 1% used [0x0000000704e00000,0x0000000704fd0d88,0x000000070cb80000)
 Metaspace       used 19886K, capacity 20286K, committed 20480K, reserved 1067008K
  class space    used 2419K, capacity 2505K, committed 2560K, reserved 1048576K
GC Heap History (4 events):
Event: 0.845 GC heap before
{Heap before GC invocations=1 (full 0):
 PSYoungGen      total 56320K, used 48640K [0x0000000781a00000, 0x0000000785880000, 0x00000007c0000000)
  eden space 48640K, 100% used [0x0000000781a00000,0x0000000784980000,0x0000000784980000)
  from space 7680K, 0% used [0x0000000785100000,0x0000000785100000,0x0000000785880000)
  to   space 7680K, 0% used [0x0000000784980000,0x0000000784980000,0x0000000785100000)
 ParOldGen       total 128512K, used 0K [0x0000000704e00000, 0x000000070cb80000, 0x0000000781a00000)
  object space 128512K, 0% used [0x0000000704e00000,0x0000000704e00000,0x000000070cb80000)
 Metaspace       used 13156K, capacity 13444K, committed 13696K, reserved 1060864K
  class space    used 1548K, capacity 1616K, committed 1664K, reserved 1048576K
Event: 0.851 GC heap after
Heap after GC invocations=1 (full 0):
 PSYoungGen      total 56320K, used 6961K [0x0000000781a00000, 0x0000000785880000, 0x00000007c0000000)
  eden space 48640K, 0% used [0x0000000781a00000,0x0000000781a00000,0x0000000784980000)
  from space 7680K, 90% used [0x0000000784980000,0x000000078504c540,0x0000000785100000)
  to   space 7680K, 0% used [0x0000000785100000,0x0000000785100000,0x0000000785880000)
 ParOldGen       total 128512K, used 8K [0x0000000704e00000, 0x000000070cb80000, 0x0000000781a00000)
  object space 128512K, 0% used [0x0000000704e00000,0x0000000704e02000,0x000000070cb80000)
 Metaspace       used 13156K, capacity 13444K, committed 13696K, reserved 1060864K
  class space    used 1548K, capacity 1616K, committed 1664K, reserved 1048576K
}
Event: 59.781 GC heap before
{Heap before GC invocations=2 (full 0):
 PSYoungGen      total 56320K, used 55601K [0x0000000781a00000, 0x0000000785880000, 0x00000007c0000000)
  eden space 48640K, 100% used [0x0000000781a00000,0x0000000784980000,0x0000000784980000)
  from space 7680K, 90% used [0x0000000784980000,0x000000078504c540,0x0000000785100000)
  to   space 7680K, 0% used [0x0000000785100000,0x0000000785100000,0x0000000785880000)
 ParOldGen       total 128512K, used 8K [0x0000000704e00000, 0x000000070cb80000, 0x0000000781a00000)
  object space 128512K, 0% used [0x0000000704e00000,0x0000000704e02000,0x000000070cb80000)
 Metaspace       used 19710K, capacity 20156K, committed 20224K, reserved 1067008K
  class space    used 2417K, capacity 2504K, committed 2560K, reserved 1048576K
Event: 59.793 GC heap after
Heap after GC invocations=2 (full 0):
 PSYoungGen      total 56320K, used 7670K [0x0000000781a00000, 0x0000000785880000, 0x00000007c0000000)
  eden space 48640K, 0% used [0x0000000781a00000,0x0000000781a00000,0x0000000784980000)
  from space 7680K, 99% used [0x0000000785100000,0x000000078587d8e0,0x0000000785880000)
  to   space 7680K, 0% used [0x0000000784980000,0x0000000784980000,0x0000000785100000)
 ParOldGen       total 128512K, used 1859K [0x0000000704e00000, 0x000000070cb80000, 0x0000000781a00000)
  object space 128512K, 1% used [0x0000000704e00000,0x0000000704fd0d88,0x000000070cb80000)
 Metaspace       used 19710K, capacity 20156K, committed 20224K, reserved 1067008K
  class space    used 2417K, capacity 2504K, committed 2560K, reserved 1048576K
}

